Using pre-set license
Built from '2020.3/release' branch; Version is '2020.3.12f1 (b3b2c6512326) revision 11776710'; Using compiler version '192528614'; Build Type 'Release'
OS: 'Windows 10 Pro; OS build 19042.1237; Version 2009; 64bit' Language: 'es' Physical Memory: 32711 MB
BatchMode: 1, IsHumanControllingUs: 0, StartBugReporterOnCrash: 0, Is64bit: 1, IsPro: 0

 COMMAND LINE ARGUMENTS:
C:\Program Files\Unity\Hub\Editor\2020.3.12f1\Editor\Unity.exe
-adb2
-batchMode
-noUpm
-name
AssetImportWorker0
-projectPath
D:/RAY/GITHUB/SpaceInvaders/SpaceInvaders/Space Invaders
-logFile
Logs/AssetImportWorker0.log
-srvPort
53974
Successfully changed project path to: D:/RAY/GITHUB/SpaceInvaders/SpaceInvaders/Space Invaders
D:/RAY/GITHUB/SpaceInvaders/SpaceInvaders/Space Invaders
Using Asset Import Pipeline V2.
Refreshing native plugins compatible for Editor in 24.72 ms, found 2 plugins.
Preloading 0 native plugins for Editor in 0.00 ms.
Initialize engine version: 2020.3.12f1 (b3b2c6512326)
[Subsystems] Discovering subsystems at path C:/Program Files/Unity/Hub/Editor/2020.3.12f1/Editor/Data/Resources/UnitySubsystems
[Subsystems] Discovering subsystems at path D:/RAY/GITHUB/SpaceInvaders/SpaceInvaders/Space Invaders/Assets
GfxDevice: creating device client; threaded=0
Direct3D:
    Version:  Direct3D 11.0 [level 11.1]
    Renderer: NVIDIA GeForce GTX 1050 Ti (ID=0x1c82)
    Vendor:   
    VRAM:     4018 MB
    Driver:   27.21.14.5751
Initialize mono
Mono path[0] = 'C:/Program Files/Unity/Hub/Editor/2020.3.12f1/Editor/Data/Managed'
Mono path[1] = 'C:/Program Files/Unity/Hub/Editor/2020.3.12f1/Editor/Data/MonoBleedingEdge/lib/mono/unityjit'
Mono config path = 'C:/Program Files/Unity/Hub/Editor/2020.3.12f1/Editor/Data/MonoBleedingEdge/etc'
Using monoOptions --debugger-agent=transport=dt_socket,embedding=1,server=y,suspend=n,address=127.0.0.1:56640
Begin MonoManager ReloadAssembly
Registering precompiled unity dll's ...
Register platform support module: C:/Program Files/Unity/Hub/Editor/2020.3.12f1/Editor/Data/PlaybackEngines/WebGLSupport/UnityEditor.WebGL.Extensions.dll
Register platform support module: C:/Program Files/Unity/Hub/Editor/2020.3.12f1/Editor/Data/PlaybackEngines/WindowsStandaloneSupport/UnityEditor.WindowsStandalone.Extensions.dll
Registered in 0.002065 seconds.
Native extension for WindowsStandalone target not found
Native extension for WebGL target not found
Refreshing native plugins compatible for Editor in 23.52 ms, found 2 plugins.
Preloading 0 native plugins for Editor in 0.00 ms.
Mono: successfully reloaded assembly
- Completed reload, in  1.639 seconds
Platform modules already initialized, skipping
Registering precompiled user dll's ...
Registered in 0.002441 seconds.
Begin MonoManager ReloadAssembly
Native extension for WindowsStandalone target not found
Native extension for WebGL target not found
Refreshing native plugins compatible for Editor in 0.27 ms, found 2 plugins.
Preloading 0 native plugins for Editor in 0.00 ms.
Mono: successfully reloaded assembly
- Completed reload, in  0.865 seconds
Platform modules already initialized, skipping
========================================================================
Worker process is ready to serve import requests
Launched and connected shader compiler UnityShaderCompiler.exe after 0.04 seconds
Refreshing native plugins compatible for Editor in 0.26 ms, found 2 plugins.
Preloading 0 native plugins for Editor in 0.00 ms.
Unloading 1386 Unused Serialized files (Serialized files now loaded: 0)
System memory in use before: 64.7 MB.
System memory in use after: 64.7 MB.

Unloading 19 unused Assets to reduce memory usage. Loaded Objects now: 1820.
Total: 1.692900 ms (FindLiveObjects: 0.118100 ms CreateObjectMapping: 0.037500 ms MarkObjects: 1.447700 ms  DeleteObjects: 0.088800 ms)

AssetImportParameters requested are different than current active one (requested -> active):
  custom:framework-win-MediaFoundation: 216162199b28c13a410421893ffa2e32 -> 
  custom:video-decoder-ogg-theora: a1e56fd34408186e4bbccfd4996cb3dc -> 
  custom:container-muxer-webm: aa71ff27fc2769a1b78a27578f13a17b -> 
  custom:container-demuxer-webm: 4f35f7cbe854078d1ac9338744f61a02 -> 
  custom:container-demuxer-ogg: 62fdf1f143b41e24485cea50d1cbac27 -> 
  custom:video-encoder-webm-vp8: eb34c28f22e8b96e1ab97ce403110664 -> 
  custom:video-decoder-webm-vp8: 9c59270c3fd7afecdb556c50c9e8de78 -> 
  custom:audio-decoder-ogg-vorbis: bf7c407c2cedff20999df2af8eb42d56 -> 
  custom:audio-encoder-webm-vorbis: bf7c407c2cedff20999df2af8eb42d56 -> 
========================================================================
Received Import Request.
  path: Assets
  artifactKey: Guid(00000000000000001000000000000000) Importer(815301076,1909f56bfc062723c751e8b465ee728b)
Start importing Assets using Guid(00000000000000001000000000000000) Importer(815301076,1909f56bfc062723c751e8b465ee728b)  -> (artifact id: '42d402b061de3733987d63b9cc3b64de') in 0.006713 seconds 
  Import took 0.008462 seconds .

========================================================================
Received Import Request.
  Time since last request: 2.452410 seconds.
  path: Assets/New Folder
  artifactKey: Guid(d8a05d3fac020434b91c8284add23454) Importer(815301076,1909f56bfc062723c751e8b465ee728b)
Start importing Assets/New Folder using Guid(d8a05d3fac020434b91c8284add23454) Importer(815301076,1909f56bfc062723c751e8b465ee728b)  -> (artifact id: '03d64edd8d2f48c39fde5ea851dc8279') in 0.008005 seconds 
  Import took 0.010068 seconds .

========================================================================
Received Import Request.
  Time since last request: 12.709977 seconds.
  path: Assets/Material
  artifactKey: Guid(d8a05d3fac020434b91c8284add23454) Importer(815301076,1909f56bfc062723c751e8b465ee728b)
Start importing Assets/Material using Guid(d8a05d3fac020434b91c8284add23454) Importer(815301076,1909f56bfc062723c751e8b465ee728b)  -> (artifact id: '53907ac772f8c141e3506a2019c83e8e') in 0.004966 seconds 
  Import took 0.007034 seconds .

========================================================================
Received Import Request.
  Time since last request: 22.174834 seconds.
  path: Assets/Materiales
  artifactKey: Guid(d8a05d3fac020434b91c8284add23454) Importer(815301076,1909f56bfc062723c751e8b465ee728b)
Start importing Assets/Materiales using Guid(d8a05d3fac020434b91c8284add23454) Importer(815301076,1909f56bfc062723c751e8b465ee728b)  -> (artifact id: 'f3f746ad901435ff88cfc2257666099b') in 0.005192 seconds 
  Import took 0.007452 seconds .

========================================================================
Received Import Request.
  Time since last request: 8.532027 seconds.
  path: Assets/Materiales/Fondo
  artifactKey: Guid(e35c055dc10d9f34aa7296281220c1ce) Importer(815301076,1909f56bfc062723c751e8b465ee728b)
Start importing Assets/Materiales/Fondo using Guid(e35c055dc10d9f34aa7296281220c1ce) Importer(815301076,1909f56bfc062723c751e8b465ee728b)  -> (artifact id: '746f34708bc40de5e4e83d364213bca8') in 0.005320 seconds 
  Import took 0.007315 seconds .

========================================================================
Received Import Request.
  Time since last request: 336.575151 seconds.
  path: Assets/Materiales/Fondo/Fondo estrellas.jpg
  artifactKey: Guid(f92222e8e45826d43a56e26c9081f5f6) Importer(815301076,1909f56bfc062723c751e8b465ee728b)
Start importing Assets/Materiales/Fondo/Fondo estrellas.jpg using Guid(f92222e8e45826d43a56e26c9081f5f6) Importer(815301076,1909f56bfc062723c751e8b465ee728b)  -> (artifact id: 'd37b194e2bc73c9a576931c2eedc4942') in 0.056377 seconds 
  Import took 0.058556 seconds .

========================================================================
Received Import Request.
  Time since last request: 236.346778 seconds.
  path: Assets/Materiales/Fondo/Fondo estrellas.jpg
  artifactKey: Guid(f92222e8e45826d43a56e26c9081f5f6) Importer(815301076,1909f56bfc062723c751e8b465ee728b)
Start importing Assets/Materiales/Fondo/Fondo estrellas.jpg using Guid(f92222e8e45826d43a56e26c9081f5f6) Importer(815301076,1909f56bfc062723c751e8b465ee728b)  -> (artifact id: '27bf398f42de72f54515c13b1317272b') in 0.044337 seconds 
  Import took 0.046839 seconds .

========================================================================
Received Prepare
Registering precompiled user dll's ...
Registered in 0.002418 seconds.
Begin MonoManager ReloadAssembly
Native extension for WindowsStandalone target not found
Native extension for WebGL target not found
Refreshing native plugins compatible for Editor in 0.27 ms, found 2 plugins.
Preloading 0 native plugins for Editor in 0.00 ms.
Mono: successfully reloaded assembly
- Completed reload, in  0.819 seconds
Platform modules already initialized, skipping
Refreshing native plugins compatible for Editor in 0.26 ms, found 2 plugins.
Preloading 0 native plugins for Editor in 0.00 ms.
Unloading 1381 Unused Serialized files (Serialized files now loaded: 0)
System memory in use before: 67.7 MB.
System memory in use after: 67.8 MB.

Unloading 14 unused Assets to reduce memory usage. Loaded Objects now: 1830.
Total: 1.784200 ms (FindLiveObjects: 0.120800 ms CreateObjectMapping: 0.038400 ms MarkObjects: 1.581600 ms  DeleteObjects: 0.042600 ms)

AssetImportParameters requested are different than current active one (requested -> active):
  custom:framework-win-MediaFoundation: 216162199b28c13a410421893ffa2e32 -> 
  custom:video-decoder-ogg-theora: a1e56fd34408186e4bbccfd4996cb3dc -> 
  custom:container-muxer-webm: aa71ff27fc2769a1b78a27578f13a17b -> 
  custom:container-demuxer-webm: 4f35f7cbe854078d1ac9338744f61a02 -> 
  custom:container-demuxer-ogg: 62fdf1f143b41e24485cea50d1cbac27 -> 
  custom:video-encoder-webm-vp8: eb34c28f22e8b96e1ab97ce403110664 -> 
  custom:video-decoder-webm-vp8: 9c59270c3fd7afecdb556c50c9e8de78 -> 
  custom:audio-decoder-ogg-vorbis: bf7c407c2cedff20999df2af8eb42d56 -> 
  custom:audio-encoder-webm-vorbis: bf7c407c2cedff20999df2af8eb42d56 -> 
========================================================================
Received Prepare
Registering precompiled user dll's ...
Registered in 0.002930 seconds.
Begin MonoManager ReloadAssembly
Native extension for WindowsStandalone target not found
Native extension for WebGL target not found
Refreshing native plugins compatible for Editor in 0.26 ms, found 2 plugins.
Preloading 0 native plugins for Editor in 0.00 ms.
Mono: successfully reloaded assembly
- Completed reload, in  0.804 seconds
Platform modules already initialized, skipping
Refreshing native plugins compatible for Editor in 0.26 ms, found 2 plugins.
Preloading 0 native plugins for Editor in 0.00 ms.
Unloading 1381 Unused Serialized files (Serialized files now loaded: 0)
System memory in use before: 67.7 MB.
System memory in use after: 67.8 MB.

Unloading 14 unused Assets to reduce memory usage. Loaded Objects now: 1833.
Total: 1.642500 ms (FindLiveObjects: 0.114300 ms CreateObjectMapping: 0.036700 ms MarkObjects: 1.450100 ms  DeleteObjects: 0.040600 ms)

AssetImportParameters requested are different than current active one (requested -> active):
  custom:framework-win-MediaFoundation: 216162199b28c13a410421893ffa2e32 -> 
  custom:video-decoder-ogg-theora: a1e56fd34408186e4bbccfd4996cb3dc -> 
  custom:container-muxer-webm: aa71ff27fc2769a1b78a27578f13a17b -> 
  custom:container-demuxer-webm: 4f35f7cbe854078d1ac9338744f61a02 -> 
  custom:container-demuxer-ogg: 62fdf1f143b41e24485cea50d1cbac27 -> 
  custom:video-encoder-webm-vp8: eb34c28f22e8b96e1ab97ce403110664 -> 
  custom:video-decoder-webm-vp8: 9c59270c3fd7afecdb556c50c9e8de78 -> 
  custom:audio-decoder-ogg-vorbis: bf7c407c2cedff20999df2af8eb42d56 -> 
  custom:audio-encoder-webm-vorbis: bf7c407c2cedff20999df2af8eb42d56 -> 
========================================================================
Received Prepare
Registering precompiled user dll's ...
Registered in 0.002428 seconds.
Begin MonoManager ReloadAssembly
Native extension for WindowsStandalone target not found
Native extension for WebGL target not found
Refreshing native plugins compatible for Editor in 0.26 ms, found 2 plugins.
Preloading 0 native plugins for Editor in 0.00 ms.
Mono: successfully reloaded assembly
- Completed reload, in  0.790 seconds
Platform modules already initialized, skipping
Refreshing native plugins compatible for Editor in 0.26 ms, found 2 plugins.
Preloading 0 native plugins for Editor in 0.00 ms.
Unloading 1381 Unused Serialized files (Serialized files now loaded: 0)
System memory in use before: 67.7 MB.
System memory in use after: 67.8 MB.

Unloading 14 unused Assets to reduce memory usage. Loaded Objects now: 1836.
Total: 1.537000 ms (FindLiveObjects: 0.112700 ms CreateObjectMapping: 0.035300 ms MarkObjects: 1.312200 ms  DeleteObjects: 0.076100 ms)

AssetImportParameters requested are different than current active one (requested -> active):
  custom:framework-win-MediaFoundation: 216162199b28c13a410421893ffa2e32 -> 
  custom:video-decoder-ogg-theora: a1e56fd34408186e4bbccfd4996cb3dc -> 
  custom:container-muxer-webm: aa71ff27fc2769a1b78a27578f13a17b -> 
  custom:container-demuxer-webm: 4f35f7cbe854078d1ac9338744f61a02 -> 
  custom:container-demuxer-ogg: 62fdf1f143b41e24485cea50d1cbac27 -> 
  custom:video-encoder-webm-vp8: eb34c28f22e8b96e1ab97ce403110664 -> 
  custom:video-decoder-webm-vp8: 9c59270c3fd7afecdb556c50c9e8de78 -> 
  custom:audio-decoder-ogg-vorbis: bf7c407c2cedff20999df2af8eb42d56 -> 
  custom:audio-encoder-webm-vorbis: bf7c407c2cedff20999df2af8eb42d56 -> 
========================================================================
Received Import Request.
  Time since last request: 4873.838027 seconds.
  path: Assets/Materiales/E
  artifactKey: Guid(262ea42a18b5bd247949f4c352291463) Importer(815301076,1909f56bfc062723c751e8b465ee728b)
Start importing Assets/Materiales/E using Guid(262ea42a18b5bd247949f4c352291463) Importer(815301076,1909f56bfc062723c751e8b465ee728b)  -> (artifact id: '02b0657cd18103b6a60d6d41e6fbe82d') in 0.008728 seconds 
  Import took 0.011228 seconds .

========================================================================
Received Import Request.
  Time since last request: 12.703415 seconds.
  path: Assets/Materiales/introScreen
  artifactKey: Guid(d4928e8b081972b4598cba6f5dcef191) Importer(815301076,1909f56bfc062723c751e8b465ee728b)
Start importing Assets/Materiales/introScreen using Guid(d4928e8b081972b4598cba6f5dcef191) Importer(815301076,1909f56bfc062723c751e8b465ee728b)  -> (artifact id: 'bd2492ccdd15ef6a59aa3273a7466b29') in 0.005734 seconds 
  Import took 0.007726 seconds .

========================================================================
Received Import Request.
  Time since last request: 16.135666 seconds.
  path: Assets/Materiales/introScreen/Estrellas
  artifactKey: Guid(262ea42a18b5bd247949f4c352291463) Importer(815301076,1909f56bfc062723c751e8b465ee728b)
Start importing Assets/Materiales/introScreen/Estrellas using Guid(262ea42a18b5bd247949f4c352291463) Importer(815301076,1909f56bfc062723c751e8b465ee728b)  -> (artifact id: 'fdd1fbe42f1ea3450404268be956590f') in 0.004984 seconds 
  Import took 0.007169 seconds .

========================================================================
Received Import Request.
  Time since last request: 49.136700 seconds.
  path: Assets/Materiales/introScreen/Estrellas/—Pngtree—luminous effect of white stars_5054152.png
  artifactKey: Guid(0cc144e2b7c349f4393af63370129928) Importer(815301076,1909f56bfc062723c751e8b465ee728b)
Start importing Assets/Materiales/introScreen/Estrellas/—Pngtree—luminous effect of white stars_5054152.png using Guid(0cc144e2b7c349f4393af63370129928) Importer(815301076,1909f56bfc062723c751e8b465ee728b)  -> (artifact id: 'b2c5bd88807c1e6bb693a2a5604253b2') in 0.034397 seconds 
  Import took 0.036634 seconds .

========================================================================
Received Import Request.
  Time since last request: 0.000192 seconds.
  path: Assets/Materiales/introScreen/Estrellas/—Pngtree—stars white glitter abstract pattern_6670158.png
  artifactKey: Guid(daec41cf46ddabe4e8235ce6fb045172) Importer(815301076,1909f56bfc062723c751e8b465ee728b)
Start importing Assets/Materiales/introScreen/Estrellas/—Pngtree—stars white glitter abstract pattern_6670158.png using Guid(daec41cf46ddabe4e8235ce6fb045172) Importer(815301076,1909f56bfc062723c751e8b465ee728b)  -> (artifact id: '606473a8af6ac8d167147622aff23311') in 0.007906 seconds 
  Import took 0.009759 seconds .

========================================================================
Received Import Request.
  Time since last request: 22.812624 seconds.
  path: Assets/Materiales/introScreen/Estrellas/—Pngtree—stars white glitter abstract pattern_6670158.png
  artifactKey: Guid(daec41cf46ddabe4e8235ce6fb045172) Importer(815301076,1909f56bfc062723c751e8b465ee728b)
Start importing Assets/Materiales/introScreen/Estrellas/—Pngtree—stars white glitter abstract pattern_6670158.png using Guid(daec41cf46ddabe4e8235ce6fb045172) Importer(815301076,1909f56bfc062723c751e8b465ee728b)  -> (artifact id: '87804426e8ae3c600740d5bef6699627') in 0.028940 seconds 
  Import took 0.031266 seconds .

========================================================================
Received Import Request.
  Time since last request: 6.928900 seconds.
  path: Assets/Materiales/introScreen/Estrellas/—Pngtree—luminous effect of white stars_5054152.png
  artifactKey: Guid(0cc144e2b7c349f4393af63370129928) Importer(815301076,1909f56bfc062723c751e8b465ee728b)
Start importing Assets/Materiales/introScreen/Estrellas/—Pngtree—luminous effect of white stars_5054152.png using Guid(0cc144e2b7c349f4393af63370129928) Importer(815301076,1909f56bfc062723c751e8b465ee728b)  -> (artifact id: '2f403e9a281bbc32ed141edc55b99e07') in 0.013494 seconds 
  Import took 0.015977 seconds .

========================================================================
Received Import Request.
  Time since last request: 0.004147 seconds.
  path: Assets/Materiales/introScreen/Estrellas/—Pngtree—luminous effect of white stars_5054152.png
  artifactKey: Guid(0cc144e2b7c349f4393af63370129928) Importer(815301076,1909f56bfc062723c751e8b465ee728b)
Start importing Assets/Materiales/introScreen/Estrellas/—Pngtree—luminous effect of white stars_5054152.png using Guid(0cc144e2b7c349f4393af63370129928) Importer(815301076,1909f56bfc062723c751e8b465ee728b)  -> (artifact id: '2f403e9a281bbc32ed141edc55b99e07') in 0.017674 seconds 
  Import took 0.020136 seconds .

========================================================================
Received Import Request.
  Time since last request: 106.780031 seconds.
  path: Assets/Materiales/introScreen/Estrellas/EstrellaTipo2.png
  artifactKey: Guid(0cc144e2b7c349f4393af63370129928) Importer(815301076,1909f56bfc062723c751e8b465ee728b)
Start importing Assets/Materiales/introScreen/Estrellas/EstrellaTipo2.png using Guid(0cc144e2b7c349f4393af63370129928) Importer(815301076,1909f56bfc062723c751e8b465ee728b)  -> (artifact id: '75b5180dcb1dc6c0f9c2c332a5b3ab1b') in 0.014199 seconds 
  Import took 0.016584 seconds .

========================================================================
Received Import Request.
  Time since last request: 7.947468 seconds.
  path: Assets/Materiales/introScreen/Estrellas/EstrellaTipo1.png
  artifactKey: Guid(daec41cf46ddabe4e8235ce6fb045172) Importer(815301076,1909f56bfc062723c751e8b465ee728b)
Start importing Assets/Materiales/introScreen/Estrellas/EstrellaTipo1.png using Guid(daec41cf46ddabe4e8235ce6fb045172) Importer(815301076,1909f56bfc062723c751e8b465ee728b)  -> (artifact id: '3c4fed9442f0ef388a5e04ab3a52d0e3') in 0.010533 seconds 
  Import took 0.012595 seconds .

========================================================================
Received Prepare
Registering precompiled user dll's ...
Registered in 0.002948 seconds.
Begin MonoManager ReloadAssembly
Native extension for WindowsStandalone target not found
Native extension for WebGL target not found
Refreshing native plugins compatible for Editor in 0.28 ms, found 2 plugins.
Preloading 0 native plugins for Editor in 0.00 ms.
Mono: successfully reloaded assembly
- Completed reload, in  0.965 seconds
Platform modules already initialized, skipping
Refreshing native plugins compatible for Editor in 0.26 ms, found 2 plugins.
Preloading 0 native plugins for Editor in 0.00 ms.
Unloading 1381 Unused Serialized files (Serialized files now loaded: 0)
System memory in use before: 67.8 MB.
System memory in use after: 67.8 MB.

Unloading 14 unused Assets to reduce memory usage. Loaded Objects now: 1842.
Total: 1.942400 ms (FindLiveObjects: 0.208500 ms CreateObjectMapping: 0.078200 ms MarkObjects: 1.602400 ms  DeleteObjects: 0.052300 ms)

AssetImportParameters requested are different than current active one (requested -> active):
  custom:framework-win-MediaFoundation: 216162199b28c13a410421893ffa2e32 -> 
  custom:video-decoder-ogg-theora: a1e56fd34408186e4bbccfd4996cb3dc -> 
  custom:container-muxer-webm: aa71ff27fc2769a1b78a27578f13a17b -> 
  custom:container-demuxer-webm: 4f35f7cbe854078d1ac9338744f61a02 -> 
  custom:container-demuxer-ogg: 62fdf1f143b41e24485cea50d1cbac27 -> 
  custom:video-encoder-webm-vp8: eb34c28f22e8b96e1ab97ce403110664 -> 
  custom:video-decoder-webm-vp8: 9c59270c3fd7afecdb556c50c9e8de78 -> 
  custom:audio-decoder-ogg-vorbis: bf7c407c2cedff20999df2af8eb42d56 -> 
  custom:audio-encoder-webm-vorbis: bf7c407c2cedff20999df2af8eb42d56 -> 
AssetImportWorkerClient::OnTransportError - code=2 error=End of file
